[main 6de464a] Auto: stock report 2026-07-06 11:00
 5 files changed, 161 insertions(+), 1 deletion(-)
 create mode 100644 scrap-data/2026-07-06.json
 create mode 100644 stock-report/2026-07-06 stock report.md
[main cc95941] Auto: stock report 2026-07-07 11:00
 4 files changed, 170 insertions(+), 1 deletion(-)
 create mode 100644 scrap-data/2026-07-07.json
 create mode 100644 stock-report/2026-07-07 stock report.md
[main a7a2f15] Auto: stock report 2026-07-08 11:00
 7 files changed, 157 insertions(+), 1 deletion(-)
 create mode 100644 scrap-data/2026-07-08.json
 create mode 100644 stock-report/2026-07-08 stock report.md
[main 0b822a8] Auto: stock report 2026-07-10 16:57
 5 files changed, 11 insertions(+), 11 deletions(-)
 mode change 100755 => 100644 scripts/auto-push.sh
 mode change 100755 => 100644 scripts/install-launchd.command
[main 4af081a] Auto: stock report 2026-07-12 11:01
 1 file changed, 1 insertion(+)
[main f791b9d] Auto: stock report 2026-07-13 11:00
 2 files changed, 10 insertions(+)
[main 46e0ffe] Auto: stock report 2026-07-15 11:00
 1 file changed, 1 insertion(+)
[main 6b081e8] Auto: stock report 2026-07-16 11:07
 2 files changed, 10 insertions(+)
[main a33fb89] Auto: stock report 2026-07-17 11:02
 2 files changed, 10 insertions(+)
[main 572bf5b] Auto: stock report 2026-07-18 11:01
 2 files changed, 3 insertions(+)
[main ab0d818] Auto: stock report 2026-07-19 11:13
 2 files changed, 3 insertions(+)
[main 502d974] Auto: stock report 2026-07-20 11:13
 2 files changed, 10 insertions(+)
[main 40fddf5] Auto: stock report 2026-07-21 11:00
 2 files changed, 10 insertions(+)
