/bin/bash: /Users/chaehyun/Documents/GitHub/stock-plan/scripts/auto-push.sh: Operation not permitted
/bin/bash: /Users/chaehyun/Documents/GitHub/stock-plan/scripts/auto-push.sh: Operation not permitted
/bin/bash: /Users/chaehyun/Documents/GitHub/stock-plan/scripts/auto-push.sh: Operation not permitted
/bin/bash: /Users/chaehyun/Documents/GitHub/stock-plan/scripts/auto-push.sh: Operation not permitted
/bin/bash: /Users/chaehyun/Documents/GitHub/stock-plan/scripts/auto-push.sh: Operation not permitted
/bin/bash: /Users/chaehyun/Documents/GitHub/stock-plan/scripts/auto-push.sh: Operation not permitted
/bin/bash: /Users/chaehyun/Documents/GitHub/stock-plan/scripts/auto-push.sh: Operation not permitted
/bin/bash: /Users/chaehyun/Documents/GitHub/stock-plan/scripts/auto-push.sh: Operation not permitted
/bin/bash: /Users/chaehyun/Documents/GitHub/stock-plan/scripts/auto-push.sh: Operation not permitted
/bin/bash: /Users/chaehyun/Documents/GitHub/stock-plan/scripts/auto-push.sh: Operation not permitted
/bin/bash: /Users/chaehyun/Documents/GitHub/stock-plan/scripts/auto-push.sh: Operation not permitted
/bin/bash: /Users/chaehyun/Documents/GitHub/stock-plan/scripts/auto-push.sh: Operation not permitted
/bin/bash: /Users/chaehyun/Documents/GitHub/stock-plan/scripts/auto-push.sh: Operation not permitted
/bin/bash: /Users/chaehyun/Documents/GitHub/stock-plan/scripts/auto-push.sh: Operation not permitted
/bin/bash: /Users/chaehyun/Documents/GitHub/stock-plan/scripts/auto-push.sh: Operation not permitted
/bin/bash: /Users/chaehyun/Documents/GitHub/stock-plan/scripts/auto-push.sh: Operation not permitted
/bin/bash: /Users/chaehyun/Documents/GitHub/stock-plan/scripts/auto-push.sh: Operation not permitted
/bin/bash: /Users/chaehyun/Documents/GitHub/stock-plan/scripts/auto-push.sh: Operation not permitted
To https://github.com/chaeniverse/daily-scrap.git
   6fc591b..6de464a  main -> main
To https://github.com/chaeniverse/daily-scrap.git
   f54b3fe..cc95941  main -> main
To https://github.com/chaeniverse/daily-scrap.git
   cc95941..a7a2f15  main -> main
To https://github.com/chaeniverse/daily-scrap.git
   45fee1a..0b822a8  main -> main
To https://github.com/chaeniverse/daily-scrap.git
 ! [rejected]        main -> main (fetch first)
error: failed to push some refs to 'https://github.com/chaeniverse/daily-scrap.git'
hint: Updates were rejected because the remote contains work that you do not
hint: have locally. This is usually caused by another repository pushing to
hint: the same ref. If you want to integrate the remote changes, use
hint: 'git pull' before pushing again.
hint: See the 'Note about fast-forwards' in 'git push --help' for details.
To https://github.com/chaeniverse/daily-scrap.git
 ! [rejected]        main -> main (fetch first)
error: failed to push some refs to 'https://github.com/chaeniverse/daily-scrap.git'
hint: Updates were rejected because the remote contains work that you do not
hint: have locally. This is usually caused by another repository pushing to
hint: the same ref. If you want to integrate the remote changes, use
hint: 'git pull' before pushing again.
hint: See the 'Note about fast-forwards' in 'git push --help' for details.
To https://github.com/chaeniverse/daily-scrap.git
 ! [rejected]        main -> main (fetch first)
error: failed to push some refs to 'https://github.com/chaeniverse/daily-scrap.git'
hint: Updates were rejected because the remote contains work that you do not
hint: have locally. This is usually caused by another repository pushing to
hint: the same ref. If you want to integrate the remote changes, use
hint: 'git pull' before pushing again.
hint: See the 'Note about fast-forwards' in 'git push --help' for details.
To https://github.com/chaeniverse/daily-scrap.git
 ! [rejected]        main -> main (fetch first)
error: failed to push some refs to 'https://github.com/chaeniverse/daily-scrap.git'
hint: Updates were rejected because the remote contains work that you do not
hint: have locally. This is usually caused by another repository pushing to
hint: the same ref. If you want to integrate the remote changes, use
hint: 'git pull' before pushing again.
hint: See the 'Note about fast-forwards' in 'git push --help' for details.
fatal: unable to access 'https://github.com/chaeniverse/daily-scrap.git/': Failed to connect to github.com port 443 after 1 ms: Couldn't connect to server
fatal: unable to access 'https://github.com/chaeniverse/daily-scrap.git/': Failed to connect to github.com port 443 after 1 ms: Couldn't connect to server
To https://github.com/chaeniverse/daily-scrap.git
 ! [rejected]        main -> main (fetch first)
error: failed to push some refs to 'https://github.com/chaeniverse/daily-scrap.git'
hint: Updates were rejected because the remote contains work that you do not
hint: have locally. This is usually caused by another repository pushing to
hint: the same ref. If you want to integrate the remote changes, use
hint: 'git pull' before pushing again.
hint: See the 'Note about fast-forwards' in 'git push --help' for details.
To https://github.com/chaeniverse/daily-scrap.git
 ! [rejected]        main -> main (fetch first)
error: failed to push some refs to 'https://github.com/chaeniverse/daily-scrap.git'
hint: Updates were rejected because the remote contains work that you do not
hint: have locally. This is usually caused by another repository pushing to
hint: the same ref. If you want to integrate the remote changes, use
hint: 'git pull' before pushing again.
hint: See the 'Note about fast-forwards' in 'git push --help' for details.
fatal: unable to access 'https://github.com/chaeniverse/daily-scrap.git/': Failed to connect to github.com port 443 after 2 ms: Couldn't connect to server
To https://github.com/chaeniverse/daily-scrap.git
 ! [rejected]        main -> main (fetch first)
error: failed to push some refs to 'https://github.com/chaeniverse/daily-scrap.git'
hint: Updates were rejected because the remote contains work that you do not
hint: have locally. This is usually caused by another repository pushing to
hint: the same ref. If you want to integrate the remote changes, use
hint: 'git pull' before pushing again.
hint: See the 'Note about fast-forwards' in 'git push --help' for details.
To https://github.com/chaeniverse/daily-scrap.git
 ! [rejected]        main -> main (fetch first)
error: failed to push some refs to 'https://github.com/chaeniverse/daily-scrap.git'
hint: Updates were rejected because the remote contains work that you do not
hint: have locally. This is usually caused by another repository pushing to
hint: the same ref. If you want to integrate the remote changes, use
hint: 'git pull' before pushing again.
hint: See the 'Note about fast-forwards' in 'git push --help' for details.
